0 info it worked if it ends with ok
1 verbose cli [ '/usr/local/Cellar/node/0.10.24/bin/node',
1 verbose cli   '/usr/local/bin/npm',
1 verbose cli   'install' ]
2 info using npm@1.3.21
3 info using node@v0.10.24
4 warn package.json igl@0.0.0 No repository field.
5 verbose readDependencies using package.json deps
6 verbose install where, deps [ '/Users/haffo/Documents/DEV/CHECKOUT/github/igamt/igamt-lite-client',
6 verbose install   [ 'grunt',
6 verbose install     'grunt-autoprefixer',
6 verbose install     'grunt-concurrent',
6 verbose install     'grunt-contrib-clean',
6 verbose install     'grunt-contrib-compass',
6 verbose install     'grunt-contrib-concat',
6 verbose install     'grunt-contrib-connect',
6 verbose install     'grunt-contrib-copy',
6 verbose install     'grunt-contrib-cssmin',
6 verbose install     'grunt-contrib-htmlmin',
6 verbose install     'grunt-contrib-imagemin',
6 verbose install     'grunt-contrib-jshint',
6 verbose install     'grunt-contrib-uglify',
6 verbose install     'grunt-contrib-watch',
6 verbose install     'grunt-filerev',
6 verbose install     'grunt-google-cdn',
6 verbose install     'grunt-include-source',
6 verbose install     'grunt-karma',
6 verbose install     'grunt-newer',
6 verbose install     'grunt-ng-annotate',
6 verbose install     'grunt-svgmin',
6 verbose install     'grunt-usemin',
6 verbose install     'grunt-wiredep',
6 verbose install     'jasmine-core',
6 verbose install     'jshint-stylish',
6 verbose install     'karma',
6 verbose install     'karma-chrome-launcher',
6 verbose install     'karma-jasmine',
6 verbose install     'karma-jasmine-jquery',
6 verbose install     'karma-phantomjs-launcher',
6 verbose install     'load-grunt-tasks',
6 verbose install     'time-grunt' ] ]
7 info preinstall igl@0.0.0
8 verbose readDependencies using package.json deps
9 verbose already installed skipping grunt-concurrent@^0.5.0 /Users/haffo/Documents/DEV/CHECKOUT/github/igamt/igamt-lite-client
10 verbose already installed skipping grunt@^0.4.5 /Users/haffo/Documents/DEV/CHECKOUT/github/igamt/igamt-lite-client
11 verbose already installed skipping grunt-autoprefixer@^0.7.3 /Users/haffo/Documents/DEV/CHECKOUT/github/igamt/igamt-lite-client
12 verbose already installed skipping grunt-contrib-clean@^0.5.0 /Users/haffo/Documents/DEV/CHECKOUT/github/igamt/igamt-lite-client
13 verbose already installed skipping grunt-contrib-compass@^0.7.2 /Users/haffo/Documents/DEV/CHECKOUT/github/igamt/igamt-lite-client
14 verbose already installed skipping grunt-contrib-concat@^0.4.0 /Users/haffo/Documents/DEV/CHECKOUT/github/igamt/igamt-lite-client
15 verbose already installed skipping grunt-contrib-connect@^0.7.1 /Users/haffo/Documents/DEV/CHECKOUT/github/igamt/igamt-lite-client
16 verbose already installed skipping grunt-contrib-copy@^0.5.0 /Users/haffo/Documents/DEV/CHECKOUT/github/igamt/igamt-lite-client
17 verbose already installed skipping grunt-contrib-cssmin@^0.9.0 /Users/haffo/Documents/DEV/CHECKOUT/github/igamt/igamt-lite-client
18 verbose already installed skipping grunt-contrib-imagemin@^0.8.1 /Users/haffo/Documents/DEV/CHECKOUT/github/igamt/igamt-lite-client
19 verbose already installed skipping grunt-contrib-htmlmin@^0.3.0 /Users/haffo/Documents/DEV/CHECKOUT/github/igamt/igamt-lite-client
20 verbose already installed skipping grunt-contrib-jshint@^0.10.0 /Users/haffo/Documents/DEV/CHECKOUT/github/igamt/igamt-lite-client
21 verbose already installed skipping grunt-contrib-uglify@^0.4.0 /Users/haffo/Documents/DEV/CHECKOUT/github/igamt/igamt-lite-client
22 verbose already installed skipping grunt-contrib-watch@^0.6.1 /Users/haffo/Documents/DEV/CHECKOUT/github/igamt/igamt-lite-client
23 verbose already installed skipping grunt-filerev@^0.2.1 /Users/haffo/Documents/DEV/CHECKOUT/github/igamt/igamt-lite-client
24 verbose already installed skipping grunt-include-source@^0.7.1 /Users/haffo/Documents/DEV/CHECKOUT/github/igamt/igamt-lite-client
25 verbose already installed skipping grunt-google-cdn@^0.4.0 /Users/haffo/Documents/DEV/CHECKOUT/github/igamt/igamt-lite-client
26 verbose already installed skipping grunt-karma@^0.10.1 /Users/haffo/Documents/DEV/CHECKOUT/github/igamt/igamt-lite-client
27 verbose already installed skipping grunt-newer@^0.7.0 /Users/haffo/Documents/DEV/CHECKOUT/github/igamt/igamt-lite-client
28 verbose already installed skipping grunt-ng-annotate@0.10.0 /Users/haffo/Documents/DEV/CHECKOUT/github/igamt/igamt-lite-client
29 verbose already installed skipping grunt-svgmin@^0.4.0 /Users/haffo/Documents/DEV/CHECKOUT/github/igamt/igamt-lite-client
30 verbose already installed skipping grunt-usemin@^2.1.1 /Users/haffo/Documents/DEV/CHECKOUT/github/igamt/igamt-lite-client
31 verbose already installed skipping grunt-wiredep@^1.7.0 /Users/haffo/Documents/DEV/CHECKOUT/github/igamt/igamt-lite-client
32 verbose already installed skipping jasmine-core@~2.1.3 /Users/haffo/Documents/DEV/CHECKOUT/github/igamt/igamt-lite-client
33 verbose already installed skipping jshint-stylish@^0.2.0 /Users/haffo/Documents/DEV/CHECKOUT/github/igamt/igamt-lite-client
34 verbose already installed skipping karma@^0.13.19 /Users/haffo/Documents/DEV/CHECKOUT/github/igamt/igamt-lite-client
35 verbose already installed skipping karma-jasmine@^0.3.6 /Users/haffo/Documents/DEV/CHECKOUT/github/igamt/igamt-lite-client
36 verbose already installed skipping karma-chrome-launcher@^0.2.2 /Users/haffo/Documents/DEV/CHECKOUT/github/igamt/igamt-lite-client
37 verbose already installed skipping karma-jasmine-jquery@^0.1.1 /Users/haffo/Documents/DEV/CHECKOUT/github/igamt/igamt-lite-client
38 verbose already installed skipping karma-phantomjs-launcher@~0.1.4 /Users/haffo/Documents/DEV/CHECKOUT/github/igamt/igamt-lite-client
39 verbose already installed skipping load-grunt-tasks@^0.4.0 /Users/haffo/Documents/DEV/CHECKOUT/github/igamt/igamt-lite-client
40 verbose already installed skipping time-grunt@^0.3.1 /Users/haffo/Documents/DEV/CHECKOUT/github/igamt/igamt-lite-client
41 silly resolved []
42 info build /Users/haffo/Documents/DEV/CHECKOUT/github/igamt/igamt-lite-client
43 verbose linkStuff [ false,
43 verbose linkStuff   false,
43 verbose linkStuff   false,
43 verbose linkStuff   '/Users/haffo/Documents/DEV/CHECKOUT/github/igamt' ]
44 info linkStuff igl@0.0.0
45 verbose linkBins igl@0.0.0
46 verbose linkMans igl@0.0.0
47 verbose rebuildBundles igl@0.0.0
48 verbose rebuildBundles [ '.bin',
48 verbose rebuildBundles   'grunt',
48 verbose rebuildBundles   'grunt-autoprefixer',
48 verbose rebuildBundles   'grunt-concurrent',
48 verbose rebuildBundles   'grunt-contrib-clean',
48 verbose rebuildBundles   'grunt-contrib-compass',
48 verbose rebuildBundles   'grunt-contrib-concat',
48 verbose rebuildBundles   'grunt-contrib-connect',
48 verbose rebuildBundles   'grunt-contrib-copy',
48 verbose rebuildBundles   'grunt-contrib-cssmin',
48 verbose rebuildBundles   'grunt-contrib-htmlmin',
48 verbose rebuildBundles   'grunt-contrib-imagemin',
48 verbose rebuildBundles   'grunt-contrib-jshint',
48 verbose rebuildBundles   'grunt-contrib-uglify',
48 verbose rebuildBundles   'grunt-contrib-watch',
48 verbose rebuildBundles   'grunt-filerev',
48 verbose rebuildBundles   'grunt-google-cdn',
48 verbose rebuildBundles   'grunt-include-source',
48 verbose rebuildBundles   'grunt-karma',
48 verbose rebuildBundles   'grunt-newer',
48 verbose rebuildBundles   'grunt-ng-annotate',
48 verbose rebuildBundles   'grunt-svgmin',
48 verbose rebuildBundles   'grunt-usemin',
48 verbose rebuildBundles   'grunt-wiredep',
48 verbose rebuildBundles   'jasmine-core',
48 verbose rebuildBundles   'jshint-stylish',
48 verbose rebuildBundles   'karma',
48 verbose rebuildBundles   'karma-chrome-launcher',
48 verbose rebuildBundles   'karma-jasmine',
48 verbose rebuildBundles   'karma-jasmine-jquery',
48 verbose rebuildBundles   'karma-phantomjs-launcher',
48 verbose rebuildBundles   'load-grunt-tasks',
48 verbose rebuildBundles   'time-grunt' ]
49 info install igl@0.0.0
50 info postinstall igl@0.0.0
51 info prepublish igl@0.0.0
52 error peerinvalid The package karma does not satisfy its siblings' peerDependencies requirements!
52 error peerinvalid Peer grunt-karma@0.10.1 wants karma@~0.12.0
52 error peerinvalid Peer karma-phantomjs-launcher@0.1.4 wants karma@>=0.9
53 error System Darwin 13.4.0
54 error command "/usr/local/Cellar/node/0.10.24/bin/node" "/usr/local/bin/npm" "install"
55 error cwd /Users/haffo/Documents/DEV/CHECKOUT/github/igamt/igamt-lite-client
56 error node -v v0.10.24
57 error npm -v 1.3.21
58 error code EPEERINVALID
59 verbose exit [ 1, true ]
